[2024-02-15T03:14:38.746+0000] {taskinstance.py:1956} INFO - Dependencies all met for dep_context=non-requeueable deps ti=<TaskInstance: simple_kubernetes_pod_operator_dag.simple_task manual__2024-02-15T03:13:54.901558+00:00 [queued]>
[2024-02-15T03:14:38.771+0000] {taskinstance.py:1956} INFO - Dependencies all met for dep_context=requeueable deps ti=<TaskInstance: simple_kubernetes_pod_operator_dag.simple_task manual__2024-02-15T03:13:54.901558+00:00 [queued]>
[2024-02-15T03:14:38.773+0000] {taskinstance.py:2170} INFO - Starting attempt 1 of 2
[2024-02-15T03:14:38.816+0000] {taskinstance.py:2191} INFO - Executing <Task(KubernetesPodOperator): simple_task> on 2024-02-15 03:13:54.901558+00:00
[2024-02-15T03:14:38.829+0000] {standard_task_runner.py:60} INFO - Started process 43 to run task
[2024-02-15T03:14:38.840+0000] {standard_task_runner.py:87} INFO - Running: ['airflow', 'tasks', 'run', 'simple_kubernetes_pod_operator_dag', 'simple_task', 'manual__2024-02-15T03:13:54.901558+00:00', '--job-id', '6', '--raw', '--subdir', 'DAGS_FOLDER/kube_pod_operator_dag.py', '--cfg-path', '/tmp/tmpaij0mbbp']
[2024-02-15T03:14:38.845+0000] {standard_task_runner.py:88} INFO - Job 6: Subtask simple_task
[2024-02-15T03:14:38.960+0000] {task_command.py:423} INFO - Running <TaskInstance: simple_kubernetes_pod_operator_dag.simple_task manual__2024-02-15T03:13:54.901558+00:00 [running]> on host simple-kubernetes-pod-operator-dag-simple-task-pzh7hwjw
[2024-02-15T03:14:39.181+0000] {pod_generator.py:547} WARNING - Model file  does not exist
[2024-02-15T03:14:39.295+0000] {taskinstance.py:2480} INFO - Exporting env vars: AIRFLOW_CTX_DAG_OWNER='airflow' AIRFLOW_CTX_DAG_ID='simple_kubernetes_pod_operator_dag' AIRFLOW_CTX_TASK_ID='simple_task' AIRFLOW_CTX_EXECUTION_DATE='2024-02-15T03:13:54.901558+00:00' AIRFLOW_CTX_TRY_NUMBER='1' AIRFLOW_CTX_DAG_RUN_ID='manual__2024-02-15T03:13:54.901558+00:00'
[2024-02-15T03:14:39.314+0000] {pod.py:926} INFO - Building pod simple-task-n15n4zx1 with labels: {'dag_id': 'simple_kubernetes_pod_operator_dag', 'task_id': 'simple_task', 'run_id': 'manual__2024-02-15T031354.9015580000-daa5d9694', 'kubernetes_pod_operator': 'True', 'try_number': '1'}
[2024-02-15T03:14:39.330+0000] {base.py:83} INFO - Using connection ID 'kubernetes_default' for task execution.
[2024-02-15T03:14:39.677+0000] {pod.py:490} INFO - Found matching pod simple-task-n15n4zx1 with labels {'airflow_kpo_in_cluster': 'True', 'airflow_version': '2.8.1', 'dag_id': 'simple_kubernetes_pod_operator_dag', 'kubernetes_pod_operator': 'True', 'run_id': 'manual__2024-02-15T031354.9015580000-daa5d9694', 'task_id': 'simple_task', 'try_number': '1'}
[2024-02-15T03:14:39.680+0000] {pod.py:491} INFO - `try_number` of task_instance: 1
[2024-02-15T03:14:39.682+0000] {pod.py:492} INFO - `try_number` of pod: 1
[2024-02-15T03:14:39.716+0000] {pod_manager.py:359} WARNING - Pod not yet started: simple-task-n15n4zx1
[2024-02-15T03:14:40.775+0000] {pod_manager.py:359} WARNING - Pod not yet started: simple-task-n15n4zx1
[2024-02-15T03:14:41.842+0000] {pod_manager.py:359} WARNING - Pod not yet started: simple-task-n15n4zx1
[2024-02-15T03:14:42.996+0000] {pod_manager.py:460} INFO - [base] None
[2024-02-15T03:14:46.215+0000] {pod.py:980} ERROR - (403)
Reason: Forbidden
HTTP response headers: HTTPHeaderDict({'Audit-Id': '25f7b7ad-a5f0-460e-97f5-25db5a4060de', 'Cache-Control': 'no-cache, private', 'Content-Type': 'application/json', 'X-Content-Type-Options': 'nosniff', 'X-Kubernetes-Pf-Flowschema-Uid': '96ec7f70-65ec-4ae1-8349-bfad86241569', 'X-Kubernetes-Pf-Prioritylevel-Uid': 'b50771ae-21f7-4fa3-8de9-3e83081eafd9', 'Date': 'Thu, 15 Feb 2024 03:14:46 GMT', 'Content-Length': '288'})
HTTP response body: {"kind":"Status","apiVersion":"v1","metadata":{},"status":"Failure","message":"events is forbidden: User \"system:serviceaccount:default:default\" cannot list resource \"events\" in API group \"\" in the namespace \"default\"","reason":"Forbidden","details":{"kind":"events"},"code":403}

Traceback (most recent call last):
  File "/home/airflow/.local/lib/python3.8/site-packages/airflow/providers/cncf/kubernetes/operators/pod.py", line 731, in _read_pod_events
    for event in self.pod_manager.read_pod_events(pod).items:
  File "/home/airflow/.local/lib/python3.8/site-packages/tenacity/__init__.py", line 289, in wrapped_f
    return self(f, *args, **kw)
  File "/home/airflow/.local/lib/python3.8/site-packages/tenacity/__init__.py", line 379, in __call__
    do = self.iter(retry_state=retry_state)
  File "/home/airflow/.local/lib/python3.8/site-packages/tenacity/__init__.py", line 325, in iter
    raise retry_exc.reraise()
  File "/home/airflow/.local/lib/python3.8/site-packages/tenacity/__init__.py", line 158, in reraise
    raise self.last_attempt.result()
  File "/usr/local/lib/python3.8/concurrent/futures/_base.py", line 437, in result
    return self.__get_result()
  File "/usr/local/lib/python3.8/concurrent/futures/_base.py", line 389, in __get_result
    raise self._exception
  File "/home/airflow/.local/lib/python3.8/site-packages/tenacity/__init__.py", line 382, in __call__
    result = fn(*args, **kwargs)
  File "/home/airflow/.local/lib/python3.8/site-packages/airflow/providers/cncf/kubernetes/utils/pod_manager.py", line 680, in read_pod_events
    return self._client.list_namespaced_event(
  File "/home/airflow/.local/lib/python3.8/site-packages/kubernetes/client/api/core_v1_api.py", line 15205, in list_namespaced_event
    return self.list_namespaced_event_with_http_info(namespace, **kwargs)  # noqa: E501
  File "/home/airflow/.local/lib/python3.8/site-packages/kubernetes/client/api/core_v1_api.py", line 15320, in list_namespaced_event_with_http_info
    return self.api_client.call_api(
  File "/home/airflow/.local/lib/python3.8/site-packages/kubernetes/client/api_client.py", line 348, in call_api
    return self.__call_api(resource_path, method,
  File "/home/airflow/.local/lib/python3.8/site-packages/kubernetes/client/api_client.py", line 180, in __call_api
    response_data = self.request(
  File "/home/airflow/.local/lib/python3.8/site-packages/kubernetes/client/api_client.py", line 373, in request
    return self.rest_client.GET(url,
  File "/home/airflow/.local/lib/python3.8/site-packages/kubernetes/client/rest.py", line 240, in GET
    return self.request("GET", url,
  File "/home/airflow/.local/lib/python3.8/site-packages/kubernetes/client/rest.py", line 234, in request
    raise ApiException(http_resp=r)
kubernetes.client.exceptions.ApiException: (403)
Reason: Forbidden
HTTP response headers: HTTPHeaderDict({'Audit-Id': '25f7b7ad-a5f0-460e-97f5-25db5a4060de', 'Cache-Control': 'no-cache, private', 'Content-Type': 'application/json', 'X-Content-Type-Options': 'nosniff', 'X-Kubernetes-Pf-Flowschema-Uid': '96ec7f70-65ec-4ae1-8349-bfad86241569', 'X-Kubernetes-Pf-Prioritylevel-Uid': 'b50771ae-21f7-4fa3-8de9-3e83081eafd9', 'Date': 'Thu, 15 Feb 2024 03:14:46 GMT', 'Content-Length': '288'})
HTTP response body: {"kind":"Status","apiVersion":"v1","metadata":{},"status":"Failure","message":"events is forbidden: User \"system:serviceaccount:default:default\" cannot list resource \"events\" in API group \"\" in the namespace \"default\"","reason":"Forbidden","details":{"kind":"events"},"code":403}


[2024-02-15T03:14:46.256+0000] {pod.py:785} INFO - Deleting pod: simple-task-n15n4zx1
[2024-02-15T03:14:46.395+0000] {taskinstance.py:2698} ERROR - Task failed with exception
Traceback (most recent call last):
  File "/home/airflow/.local/lib/python3.8/site-packages/airflow/models/taskinstance.py", line 433, in _execute_task
    result = execute_callable(context=context, **execute_callable_kwargs)
  File "/home/airflow/.local/lib/python3.8/site-packages/airflow/providers/cncf/kubernetes/operators/pod.py", line 534, in execute
    return self.execute_sync(context)
  File "/home/airflow/.local/lib/python3.8/site-packages/airflow/providers/cncf/kubernetes/operators/pod.py", line 574, in execute_sync
    self.cleanup(
  File "/home/airflow/.local/lib/python3.8/site-packages/airflow/providers/cncf/kubernetes/operators/pod.py", line 715, in cleanup
    raise AirflowException(
airflow.exceptions.AirflowException: Pod simple-task-n15n4zx1 returned a failure.
failed to create containerd task: failed to create shim task: OCI runtime create failed: runc create failed: unable to start container process: exec: "eccho": executable file not found in $PATH: unknown
remote_pod: {'api_version': 'v1',
 'kind': 'Pod',
 'metadata': {'annotations': None,
              'cluster_name': None,
              'creation_timestamp': datetime.datetime(2024, 2, 15, 3, 14, 39, tzinfo=tzlocal()),
              'deletion_grace_period_seconds': None,
              'deletion_timestamp': None,
              'finalizers': None,
              'generate_name': None,
              'generation': None,
              'labels': {'airflow_kpo_in_cluster': 'True',
                         'airflow_version': '2.8.1',
                         'dag_id': 'simple_kubernetes_pod_operator_dag',
                         'kubernetes_pod_operator': 'True',
                         'run_id': 'manual__2024-02-15T031354.9015580000-daa5d9694',
                         'task_id': 'simple_task',
                         'try_number': '1'},
              'managed_fields': [{'api_version': 'v1',
                                  'fields_type': 'FieldsV1',
                                  'fields_v1': {'f:metadata': {'f:labels': {'.': {},
                                                                            'f:airflow_kpo_in_cluster': {},
                                                                            'f:airflow_version': {},
                                                                            'f:dag_id': {},
                                                                            'f:kubernetes_pod_operator': {},
                                                                            'f:run_id': {},
                                                                            'f:task_id': {},
                                                                            'f:try_number': {}}},
                                                'f:spec': {'f:affinity': {},
                                                           'f:containers': {'k:{"name":"base"}': {'.': {},
                                                                                                  'f:args': {},
                                                                                                  'f:command': {},
                                                                                                  'f:image': {},
                                                                                                  'f:imagePullPolicy': {},
                                                                                                  'f:name': {},
                                                                                                  'f:resources': {},
                                                                                                  'f:terminationMessagePath': {},
                                                                                                  'f:terminationMessagePolicy': {}}},
                                                           'f:dnsPolicy': {},
                                                           'f:enableServiceLinks': {},
                                                           'f:restartPolicy': {},
                                                           'f:schedulerName': {},
                                                           'f:securityContext': {},
                                                           'f:terminationGracePeriodSeconds': {}}},
                                  'manager': 'OpenAPI-Generator',
                                  'operation': 'Update',
                                  'subresource': None,
                                  'time': datetime.datetime(2024, 2, 15, 3, 14, 39, tzinfo=tzlocal())},
                                 {'api_version': 'v1',
                                  'fields_type': 'FieldsV1',
                                  'fields_v1': {'f:status': {'f:conditions': {'k:{"type":"ContainersReady"}': {'.': {},
                                                                                                               'f:lastProbeTime': {},
                                                                                                               'f:lastTransitionTime': {},
                                                                                                               'f:reason': {},
                                                                                                               'f:status': {},
                                                                                                               'f:type': {}},
                                                                              'k:{"type":"Initialized"}': {'.': {},
                                                                                                           'f:lastProbeTime': {},
                                                                                                           'f:lastTransitionTime': {},
                                                                                                           'f:status': {},
                                                                                                           'f:type': {}},
                                                                              'k:{"type":"PodReadyToStartContainers"}': {'.': {},
                                                                                                                         'f:lastProbeTime': {},
                                                                                                                         'f:lastTransitionTime': {},
                                                                                                                         'f:status': {},
                                                                                                                         'f:type': {}},
                                                                              'k:{"type":"Ready"}': {'.': {},
                                                                                                     'f:lastProbeTime': {},
                                                                                                     'f:lastTransitionTime': {},
                                                                                                     'f:reason': {},
                                                                                                     'f:status': {},
                                                                                                     'f:type': {}}},
                                                             'f:containerStatuses': {},
                                                             'f:hostIP': {},
                                                             'f:hostIPs': {},
                                                             'f:phase': {},
                                                             'f:startTime': {}}},
                                  'manager': 'kubelet',
                                  'operation': 'Update',
                                  'subresource': 'status',
                                  'time': datetime.datetime(2024, 2, 15, 3, 14, 42, tzinfo=tzlocal())}],
              'name': 'simple-task-n15n4zx1',
              'namespace': 'default',
              'owner_references': None,
              'resource_version': '26703',
              'self_link': None,
              'uid': 'eeeaf57c-6a69-45ed-bb2b-7481df446b9c'},
 'spec': {'active_deadline_seconds': None,
          'affinity': {'node_affinity': None,
                       'pod_affinity': None,
                       'pod_anti_affinity': None},
          'automount_service_account_token': None,
          'containers': [{'args': ['Hello, World!'],
                          'command': ['eccho'],
                          'env': None,
                          'env_from': None,
                          'image': 'alpine:3.9',
                          'image_pull_policy': 'Always',
                          'lifecycle': None,
                          'liveness_probe': None,
                          'name': 'base',
                          'ports': None,
                          'readiness_probe': None,
                          'resources': {'limits': None, 'requests': None},
                          'security_context': None,
                          'startup_probe': None,
                          'stdin': None,
                          'stdin_once': None,
                          'termination_message_path': '/dev/termination-log',
                          'termination_message_policy': 'File',
                          'tty': None,
                          'volume_devices': None,
                          'volume_mounts': [{'mount_path': '/var/run/secrets/kubernetes.io/serviceaccount',
                                             'mount_propagation': None,
                                             'name': 'kube-api-access-nvfpf',
                                             'read_only': True,
                                             'sub_path': None,
                                             'sub_path_expr': None}],
                          'working_dir': None}],
          'dns_config': None,
          'dns_policy': 'ClusterFirst',
          'enable_service_links': True,
          'ephemeral_containers': None,
          'host_aliases': None,
          'host_ipc': None,
          'host_network': None,
          'host_pid': None,
          'hostname': None,
          'image_pull_secrets': None,
          'init_containers': None,
          'node_name': 'kind-worker',
          'node_selector': None,
          'os': None,
          'overhead': None,
          'preemption_policy': 'PreemptLowerPriority',
          'priority': 0,
          'priority_class_name': None,
          'readiness_gates': None,
          'restart_policy': 'Never',
          'runtime_class_name': None,
          'scheduler_name': 'default-scheduler',
          'security_context': {'fs_group': None,
                               'fs_group_change_policy': None,
                               'run_as_group': None,
                               'run_as_non_root': None,
                               'run_as_user': None,
                               'se_linux_options': None,
                               'seccomp_profile': None,
                               'supplemental_groups': None,
                               'sysctls': None,
                               'windows_options': None},
          'service_account': 'default',
          'service_account_name': 'default',
          'set_hostname_as_fqdn': None,
          'share_process_namespace': None,
          'subdomain': None,
          'termination_grace_period_seconds': 30,
          'tolerations': [{'effect': 'NoExecute',
                           'key': 'node.kubernetes.io/not-ready',
                           'operator': 'Exists',
                           'toleration_seconds': 300,
                           'value': None},
                          {'effect': 'NoExecute',
                           'key': 'node.kubernetes.io/unreachable',
                           'operator': 'Exists',
                           'toleration_seconds': 300,
                           'value': None}],
          'topology_spread_constraints': None,
          'volumes': [{'aws_elastic_block_store': None,
                       'azure_disk': None,
                       'azure_file': None,
                       'cephfs': None,
                       'cinder': None,
                       'config_map': None,
                       'csi': None,
                       'downward_api': None,
                       'empty_dir': None,
                       'ephemeral': None,
                       'fc': None,
                       'flex_volume': None,
                       'flocker': None,
                       'gce_persistent_disk': None,
                       'git_repo': None,
                       'glusterfs': None,
                       'host_path': None,
                       'iscsi': None,
                       'name': 'kube-api-access-nvfpf',
                       'nfs': None,
                       'persistent_volume_claim': None,
                       'photon_persistent_disk': None,
                       'portworx_volume': None,
                       'projected': {'default_mode': 420,
                                     'sources': [{'config_map': None,
                                                  'downward_api': None,
                                                  'secret': None,
                                                  'service_account_token': {'audience': None,
                                                                            'expiration_seconds': 3607,
                                                                            'path': 'token'}},
                                                 {'config_map': {'items': [{'key': 'ca.crt',
                                                                            'mode': None,
                                                                            'path': 'ca.crt'}],
                                                                 'name': 'kube-root-ca.crt',
                                                                 'optional': None},
                                                  'downward_api': None,
                                                  'secret': None,
                                                  'service_account_token': None},
                                                 {'config_map': None,
                                                  'downward_api': {'items': [{'field_ref': {'api_version': 'v1',
                                                                                            'field_path': 'metadata.namespace'},
                                                                              'mode': None,
                                                                              'path': 'namespace',
                                                                              'resource_field_ref': None}]},
                                                  'secret': None,
                                                  'service_account_token': None}]},
                       'quobyte': None,
                       'rbd': None,
                       'scale_io': None,
                       'secret': None,
                       'storageos': None,
                       'vsphere_volume': None}]},
 'status': {'conditions': [{'last_probe_time': None,
                            'last_transition_time': datetime.datetime(2024, 2, 15, 3, 14, 42, tzinfo=tzlocal()),
                            'message': None,
                            'reason': None,
                            'status': 'False',
                            'type': 'PodReadyToStartContainers'},
                           {'last_probe_time': None,
                            'last_transition_time': datetime.datetime(2024, 2, 15, 3, 14, 39, tzinfo=tzlocal()),
                            'message': None,
                            'reason': None,
                            'status': 'True',
                            'type': 'Initialized'},
                           {'last_probe_time': None,
                            'last_transition_time': datetime.datetime(2024, 2, 15, 3, 14, 39, tzinfo=tzlocal()),
                            'message': None,
                            'reason': 'PodFailed',
                            'status': 'False',
                            'type': 'Ready'},
                           {'last_probe_time': None,
                            'last_transition_time': datetime.datetime(2024, 2, 15, 3, 14, 39, tzinfo=tzlocal()),
                            'message': None,
                            'reason': 'PodFailed',
                            'status': 'False',
                            'type': 'ContainersReady'},
                           {'last_probe_time': None,
                            'last_transition_time': datetime.datetime(2024, 2, 15, 3, 14, 39, tzinfo=tzlocal()),
                            'message': None,
                            'reason': None,
                            'status': 'True',
                            'type': 'PodScheduled'}],
            'container_statuses': [{'container_id': 'containerd://981e8b48124d19f0e03b163633c5b5c7c09000330a89763bbe8451cb5f6fe830',
                                    'image': 'docker.io/library/alpine:3.9',
                                    'image_id': 'docker.io/library/alpine@sha256:414e0518bb9228d35e4cd5165567fb91d26c6a214e9c95899e1e056fcd349011',
                                    'last_state': {'running': None,
                                                   'terminated': None,
                                                   'waiting': None},
                                    'name': 'base',
                                    'ready': False,
                                    'restart_count': 0,
                                    'started': False,
                                    'state': {'running': None,
                                              'terminated': {'container_id': 'containerd://981e8b48124d19f0e03b163633c5b5c7c09000330a89763bbe8451cb5f6fe830',
                                                             'exit_code': 128,
                                                             'finished_at': datetime.datetime(2024, 2, 15, 3, 14, 40, tzinfo=tzlocal()),
                                                             'message': 'failed '
                                                                        'to '
                                                                        'create '
                                                                        'containerd '
                                                                        'task: '
                                                                        'failed '
                                                                        'to '
                                                                        'create '
                                                                        'shim '
                                                                        'task: '
                                                                        'OCI '
                                                                        'runtime '
                                                                        'create '
                                                                        'failed: '
                                                                        'runc '
                                                                        'create '
                                                                        'failed: '
                                                                        'unable '
                                                                        'to '
                                                                        'start '
                                                                        'container '
                                                                        'process: '
                                                                        'exec: '
                                                                        '"eccho": '
                                                                        'executable '
                                                                        'file '
                                                                        'not '
                                                                        'found '
                                                                        'in '
                                                                        '$PATH: '
                                                                        'unknown',
                                                             'reason': 'StartError',
                                                             'signal': None,
                                                             'started_at': datetime.datetime(1970, 1, 1, 0, 0, tzinfo=tzlocal())},
                                              'waiting': None}}],
            'ephemeral_container_statuses': None,
            'host_ip': '172.18.0.3',
            'init_container_statuses': None,
            'message': None,
            'nominated_node_name': None,
            'phase': 'Failed',
            'pod_i_ps': None,
            'pod_ip': None,
            'qos_class': 'BestEffort',
            'reason': None,
            'start_time': datetime.datetime(2024, 2, 15, 3, 14, 39, tzinfo=tzlocal())}}
[2024-02-15T03:14:46.409+0000] {taskinstance.py:1138} INFO - Marking task as UP_FOR_RETRY. dag_id=simple_kubernetes_pod_operator_dag, task_id=simple_task, execution_date=20240215T031354, start_date=20240215T031438, end_date=20240215T031446
[2024-02-15T03:14:46.448+0000] {standard_task_runner.py:107} ERROR - Failed to execute job 6 for task simple_task (Pod simple-task-n15n4zx1 returned a failure.
failed to create containerd task: failed to create shim task: OCI runtime create failed: runc create failed: unable to start container process: exec: "eccho": executable file not found in $PATH: unknown
remote_pod: {'api_version': 'v1',
 'kind': 'Pod',
 'metadata': {'annotations': None,
              'cluster_name': None,
              'creation_timestamp': datetime.datetime(2024, 2, 15, 3, 14, 39, tzinfo=tzlocal()),
              'deletion_grace_period_seconds': None,
              'deletion_timestamp': None,
              'finalizers': None,
              'generate_name': None,
              'generation': None,
              'labels': {'airflow_kpo_in_cluster': 'True',
                         'airflow_version': '2.8.1',
                         'dag_id': 'simple_kubernetes_pod_operator_dag',
                         'kubernetes_pod_operator': 'True',
                         'run_id': 'manual__2024-02-15T031354.9015580000-daa5d9694',
                         'task_id': 'simple_task',
                         'try_number': '1'},
              'managed_fields': [{'api_version': 'v1',
                                  'fields_type': 'FieldsV1',
                                  'fields_v1': {'f:metadata': {'f:labels': {'.': {},
                                                                            'f:airflow_kpo_in_cluster': {},
                                                                            'f:airflow_version': {},
                                                                            'f:dag_id': {},
                                                                            'f:kubernetes_pod_operator': {},
                                                                            'f:run_id': {},
                                                                            'f:task_id': {},
                                                                            'f:try_number': {}}},
                                                'f:spec': {'f:affinity': {},
                                                           'f:containers': {'k:{"name":"base"}': {'.': {},
                                                                                                  'f:args': {},
                                                                                                  'f:command': {},
                                                                                                  'f:image': {},
                                                                                                  'f:imagePullPolicy': {},
                                                                                                  'f:name': {},
                                                                                                  'f:resources': {},
                                                                                                  'f:terminationMessagePath': {},
                                                                                                  'f:terminationMessagePolicy': {}}},
                                                           'f:dnsPolicy': {},
                                                           'f:enableServiceLinks': {},
                                                           'f:restartPolicy': {},
                                                           'f:schedulerName': {},
                                                           'f:securityContext': {},
                                                           'f:terminationGracePeriodSeconds': {}}},
                                  'manager': 'OpenAPI-Generator',
                                  'operation': 'Update',
                                  'subresource': None,
                                  'time': datetime.datetime(2024, 2, 15, 3, 14, 39, tzinfo=tzlocal())},
                                 {'api_version': 'v1',
                                  'fields_type': 'FieldsV1',
                                  'fields_v1': {'f:status': {'f:conditions': {'k:{"type":"ContainersReady"}': {'.': {},
                                                                                                               'f:lastProbeTime': {},
                                                                                                               'f:lastTransitionTime': {},
                                                                                                               'f:reason': {},
                                                                                                               'f:status': {},
                                                                                                               'f:type': {}},
                                                                              'k:{"type":"Initialized"}': {'.': {},
                                                                                                           'f:lastProbeTime': {},
                                                                                                           'f:lastTransitionTime': {},
                                                                                                           'f:status': {},
                                                                                                           'f:type': {}},
                                                                              'k:{"type":"PodReadyToStartContainers"}': {'.': {},
                                                                                                                         'f:lastProbeTime': {},
                                                                                                                         'f:lastTransitionTime': {},
                                                                                                                         'f:status': {},
                                                                                                                         'f:type': {}},
                                                                              'k:{"type":"Ready"}': {'.': {},
                                                                                                     'f:lastProbeTime': {},
                                                                                                     'f:lastTransitionTime': {},
                                                                                                     'f:reason': {},
                                                                                                     'f:status': {},
                                                                                                     'f:type': {}}},
                                                             'f:containerStatuses': {},
                                                             'f:hostIP': {},
                                                             'f:hostIPs': {},
                                                             'f:phase': {},
                                                             'f:startTime': {}}},
                                  'manager': 'kubelet',
                                  'operation': 'Update',
                                  'subresource': 'status',
                                  'time': datetime.datetime(2024, 2, 15, 3, 14, 42, tzinfo=tzlocal())}],
              'name': 'simple-task-n15n4zx1',
              'namespace': 'default',
              'owner_references': None,
              'resource_version': '26703',
              'self_link': None,
              'uid': 'eeeaf57c-6a69-45ed-bb2b-7481df446b9c'},
 'spec': {'active_deadline_seconds': None,
          'affinity': {'node_affinity': None,
                       'pod_affinity': None,
                       'pod_anti_affinity': None},
          'automount_service_account_token': None,
          'containers': [{'args': ['Hello, World!'],
                          'command': ['eccho'],
                          'env': None,
                          'env_from': None,
                          'image': 'alpine:3.9',
                          'image_pull_policy': 'Always',
                          'lifecycle': None,
                          'liveness_probe': None,
                          'name': 'base',
                          'ports': None,
                          'readiness_probe': None,
                          'resources': {'limits': None, 'requests': None},
                          'security_context': None,
                          'startup_probe': None,
                          'stdin': None,
                          'stdin_once': None,
                          'termination_message_path': '/dev/termination-log',
                          'termination_message_policy': 'File',
                          'tty': None,
                          'volume_devices': None,
                          'volume_mounts': [{'mount_path': '/var/run/secrets/kubernetes.io/serviceaccount',
                                             'mount_propagation': None,
                                             'name': 'kube-api-access-nvfpf',
                                             'read_only': True,
                                             'sub_path': None,
                                             'sub_path_expr': None}],
                          'working_dir': None}],
          'dns_config': None,
          'dns_policy': 'ClusterFirst',
          'enable_service_links': True,
          'ephemeral_containers': None,
          'host_aliases': None,
          'host_ipc': None,
          'host_network': None,
          'host_pid': None,
          'hostname': None,
          'image_pull_secrets': None,
          'init_containers': None,
          'node_name': 'kind-worker',
          'node_selector': None,
          'os': None,
          'overhead': None,
          'preemption_policy': 'PreemptLowerPriority',
          'priority': 0,
          'priority_class_name': None,
          'readiness_gates': None,
          'restart_policy': 'Never',
          'runtime_class_name': None,
          'scheduler_name': 'default-scheduler',
          'security_context': {'fs_group': None,
                               'fs_group_change_policy': None,
                               'run_as_group': None,
                               'run_as_non_root': None,
                               'run_as_user': None,
                               'se_linux_options': None,
                               'seccomp_profile': None,
                               'supplemental_groups': None,
                               'sysctls': None,
                               'windows_options': None},
          'service_account': 'default',
          'service_account_name': 'default',
          'set_hostname_as_fqdn': None,
          'share_process_namespace': None,
          'subdomain': None,
          'termination_grace_period_seconds': 30,
          'tolerations': [{'effect': 'NoExecute',
                           'key': 'node.kubernetes.io/not-ready',
                           'operator': 'Exists',
                           'toleration_seconds': 300,
                           'value': None},
                          {'effect': 'NoExecute',
                           'key': 'node.kubernetes.io/unreachable',
                           'operator': 'Exists',
                           'toleration_seconds': 300,
                           'value': None}],
          'topology_spread_constraints': None,
          'volumes': [{'aws_elastic_block_store': None,
                       'azure_disk': None,
                       'azure_file': None,
                       'cephfs': None,
                       'cinder': None,
                       'config_map': None,
                       'csi': None,
                       'downward_api': None,
                       'empty_dir': None,
                       'ephemeral': None,
                       'fc': None,
                       'flex_volume': None,
                       'flocker': None,
                       'gce_persistent_disk': None,
                       'git_repo': None,
                       'glusterfs': None,
                       'host_path': None,
                       'iscsi': None,
                       'name': 'kube-api-access-nvfpf',
                       'nfs': None,
                       'persistent_volume_claim': None,
                       'photon_persistent_disk': None,
                       'portworx_volume': None,
                       'projected': {'default_mode': 420,
                                     'sources': [{'config_map': None,
                                                  'downward_api': None,
                                                  'secret': None,
                                                  'service_account_token': {'audience': None,
                                                                            'expiration_seconds': 3607,
                                                                            'path': 'token'}},
                                                 {'config_map': {'items': [{'key': 'ca.crt',
                                                                            'mode': None,
                                                                            'path': 'ca.crt'}],
                                                                 'name': 'kube-root-ca.crt',
                                                                 'optional': None},
                                                  'downward_api': None,
                                                  'secret': None,
                                                  'service_account_token': None},
                                                 {'config_map': None,
                                                  'downward_api': {'items': [{'field_ref': {'api_version': 'v1',
                                                                                            'field_path': 'metadata.namespace'},
                                                                              'mode': None,
                                                                              'path': 'namespace',
                                                                              'resource_field_ref': None}]},
                                                  'secret': None,
                                                  'service_account_token': None}]},
                       'quobyte': None,
                       'rbd': None,
                       'scale_io': None,
                       'secret': None,
                       'storageos': None,
                       'vsphere_volume': None}]},
 'status': {'conditions': [{'last_probe_time': None,
                            'last_transition_time': datetime.datetime(2024, 2, 15, 3, 14, 42, tzinfo=tzlocal()),
                            'message': None,
                            'reason': None,
                            'status': 'False',
                            'type': 'PodReadyToStartContainers'},
                           {'last_probe_time': None,
                            'last_transition_time': datetime.datetime(2024, 2, 15, 3, 14, 39, tzinfo=tzlocal()),
                            'message': None,
                            'reason': None,
                            'status': 'True',
                            'type': 'Initialized'},
                           {'last_probe_time': None,
                            'last_transition_time': datetime.datetime(2024, 2, 15, 3, 14, 39, tzinfo=tzlocal()),
                            'message': None,
                            'reason': 'PodFailed',
                            'status': 'False',
                            'type': 'Ready'},
                           {'last_probe_time': None,
                            'last_transition_time': datetime.datetime(2024, 2, 15, 3, 14, 39, tzinfo=tzlocal()),
                            'message': None,
                            'reason': 'PodFailed',
                            'status': 'False',
                            'type': 'ContainersReady'},
                           {'last_probe_time': None,
                            'last_transition_time': datetime.datetime(2024, 2, 15, 3, 14, 39, tzinfo=tzlocal()),
                            'message': None,
                            'reason': None,
                            'status': 'True',
                            'type': 'PodScheduled'}],
            'container_statuses': [{'container_id': 'containerd://981e8b48124d19f0e03b163633c5b5c7c09000330a89763bbe8451cb5f6fe830',
                                    'image': 'docker.io/library/alpine:3.9',
                                    'image_id': 'docker.io/library/alpine@sha256:414e0518bb9228d35e4cd5165567fb91d26c6a214e9c95899e1e056fcd349011',
                                    'last_state': {'running': None,
                                                   'terminated': None,
                                                   'waiting': None},
                                    'name': 'base',
                                    'ready': False,
                                    'restart_count': 0,
                                    'started': False,
                                    'state': {'running': None,
                                              'terminated': {'container_id': 'containerd://981e8b48124d19f0e03b163633c5b5c7c09000330a89763bbe8451cb5f6fe830',
                                                             'exit_code': 128,
                                                             'finished_at': datetime.datetime(2024, 2, 15, 3, 14, 40, tzinfo=tzlocal()),
                                                             'message': 'failed '
                                                                        'to '
                                                                        'create '
                                                                        'containerd '
                                                                        'task: '
                                                                        'failed '
                                                                        'to '
                                                                        'create '
                                                                        'shim '
                                                                        'task: '
                                                                        'OCI '
                                                                        'runtime '
                                                                        'create '
                                                                        'failed: '
                                                                        'runc '
                                                                        'create '
                                                                        'failed: '
                                                                        'unable '
                                                                        'to '
                                                                        'start '
                                                                        'container '
                                                                        'process: '
                                                                        'exec: '
                                                                        '"eccho": '
                                                                        'executable '
                                                                        'file '
                                                                        'not '
                                                                        'found '
                                                                        'in '
                                                                        '$PATH: '
                                                                        'unknown',
                                                             'reason': 'StartError',
                                                             'signal': None,
                                                             'started_at': datetime.datetime(1970, 1, 1, 0, 0, tzinfo=tzlocal())},
                                              'waiting': None}}],
            'ephemeral_container_statuses': None,
            'host_ip': '172.18.0.3',
            'init_container_statuses': None,
            'message': None,
            'nominated_node_name': None,
            'phase': 'Failed',
            'pod_i_ps': None,
            'pod_ip': None,
            'qos_class': 'BestEffort',
            'reason': None,
            'start_time': datetime.datetime(2024, 2, 15, 3, 14, 39, tzinfo=tzlocal())}}; 43)
[2024-02-15T03:14:46.511+0000] {local_task_job_runner.py:234} INFO - Task exited with return code 1
[2024-02-15T03:14:46.556+0000] {taskinstance.py:3280} INFO - 0 downstream tasks scheduled from follow-on schedule check
